<?xml version="1.0" encoding="UTF-8"?>
<!-- Generated by org.testng.reporters.JUnitReportReporter -->
<testsuite hostname="Sindhus-MacBook-Pro-2.local" failures="0" tests="1" name="com.bdd.selenium.runner.TestRunner" time="13.303" errors="0" timestamp="2025-06-02T22:33:21 IST" skipped="0">
  <testcase classname="com.bdd.selenium.runner.TestRunner" name="runScenario" time="13.303"/>
</testsuite> <!-- com.bdd.selenium.runner.TestRunner -->
